Date: 2018-04-30 16:20:00
Backup Method: reload
User Mode: free
BackupGuard version: 1.1.60
Supported archive version: 5
Database prefix: wp_
Site URL: https://entermediadb.org
Home URL: https://entermediadb.org
Uploads path: /var/www/html/wp-content/uploads
Site installation: standard
OS: Linux
Server: Apache/2.4.10 (Debian)
User agent: Mozilla/5.0 (X11; Linux x86_64) AppleWebKit/537.36 (KHTML, like Gecko) Chrome/65.0.3325.181 Safari/537.36
PHP version: 5.6.28
SAPI: apache2handler
MySQL version: 5.7.16
Int size: 8
Int lib: BigInteger
Memory limit: 128M
Max execution time: 30
Disk free space: 1TB
Environment: Wordpress 4.8.2
Backup type: database

2018-04-30 16:20:00: Start backup
2018-04-30 16:20:00: Reload method set to ajax
2018-04-30 16:20:00: Start backup database
2018-04-30 16:20:00: Total tables to backup: 37
2018-04-30 16:20:00: Total rows to backup: 66665
2018-04-30 16:20:00: Start backup table: wp_options
2018-04-30 16:20:00: End backup table: wp_options
2018-04-30 16:20:00: Start backup table: wp_ak_404_log
2018-04-30 16:20:00: End backup table: wp_ak_404_log
2018-04-30 16:20:00: Start backup table: wp_commentmeta
2018-04-30 16:20:00: End backup table: wp_commentmeta
2018-04-30 16:20:00: Start backup table: wp_comments
2018-04-30 16:20:00: End backup table: wp_comments
2018-04-30 16:20:00: Start backup table: wp_em_modal_metas
2018-04-30 16:20:00: End backup table: wp_em_modal_metas
2018-04-30 16:20:00: Start backup table: wp_em_modals
2018-04-30 16:20:00: End backup table: wp_em_modals
2018-04-30 16:20:00: Start backup table: wp_em_theme_metas
2018-04-30 16:20:00: End backup table: wp_em_theme_metas
2018-04-30 16:20:00: Start backup table: wp_em_themes
2018-04-30 16:20:00: End backup table: wp_em_themes
2018-04-30 16:20:00: Start backup table: wp_links
2018-04-30 16:20:00: End backup table: wp_links
2018-04-30 16:20:00: Start backup table: wp_nextend_smartslider_layouts
2018-04-30 16:20:00: End backup table: wp_nextend_smartslider_layouts
2018-04-30 16:20:00: Start backup table: wp_nextend_smartslider_sliders
2018-04-30 16:20:00: End backup table: wp_nextend_smartslider_sliders
2018-04-30 16:20:00: Start backup table: wp_nextend_smartslider_slides
2018-04-30 16:20:00: End backup table: wp_nextend_smartslider_slides
2018-04-30 16:20:00: Start backup table: wp_nextend_smartslider_storage
2018-04-30 16:20:00: End backup table: wp_nextend_smartslider_storage
2018-04-30 16:20:00: Start backup table: wp_nxs_log
2018-04-30 16:20:00: End backup table: wp_nxs_log
2018-04-30 16:20:00: Start backup table: wp_postmeta
2018-04-30 16:20:00: End backup table: wp_postmeta
2018-04-30 16:20:00: Start backup table: wp_posts
2018-04-30 16:20:00: End backup table: wp_posts
2018-04-30 16:20:00: Start backup table: wp_redirection_404
2018-04-30 16:20:00: End backup table: wp_redirection_404
2018-04-30 16:20:00: Start backup table: wp_redirection_groups
2018-04-30 16:20:00: End backup table: wp_redirection_groups
2018-04-30 16:20:00: Start backup table: wp_redirection_items
2018-04-30 16:20:00: End backup table: wp_redirection_items
2018-04-30 16:20:00: Start backup table: wp_redirection_logs
2018-04-30 16:20:00: End backup table: wp_redirection_logs
2018-04-30 16:20:00: Start backup table: wp_relevanssi
2018-04-30 16:20:00: End backup table: wp_relevanssi
2018-04-30 16:20:00: Start backup table: wp_relevanssi_log
2018-04-30 16:20:00: End backup table: wp_relevanssi_log
2018-04-30 16:20:00: Start backup table: wp_relevanssi_stopwords
2018-04-30 16:20:00: End backup table: wp_relevanssi_stopwords
2018-04-30 16:20:00: Start backup table: wp_shslider
2018-04-30 16:20:00: End backup table: wp_shslider
2018-04-30 16:20:00: Start backup table: wp_term_relationships
2018-04-30 16:20:00: End backup table: wp_term_relationships
2018-04-30 16:20:00: Start backup table: wp_term_taxonomy
2018-04-30 16:20:00: End backup table: wp_term_taxonomy
2018-04-30 16:20:00: Start backup table: wp_termmeta
2018-04-30 16:20:00: End backup table: wp_termmeta
2018-04-30 16:20:00: Start backup table: wp_terms
2018-04-30 16:20:00: End backup table: wp_terms
2018-04-30 16:20:00: Start backup table: wp_usermeta
2018-04-30 16:20:00: End backup table: wp_usermeta
2018-04-30 16:20:00: Start backup table: wp_users
2018-04-30 16:20:00: End backup table: wp_users
2018-04-30 16:20:00: Start backup table: wp_wppg_album
2018-04-30 16:20:00: End backup table: wp_wppg_album
2018-04-30 16:20:00: Start backup table: wp_wppg_downloads
2018-04-30 16:20:00: End backup table: wp_wppg_downloads
2018-04-30 16:20:00: Start backup table: wp_wppg_gallery
2018-04-30 16:20:00: End backup table: wp_wppg_gallery
2018-04-30 16:20:00: Start backup table: wp_wppg_global_meta
2018-04-30 16:20:00: End backup table: wp_wppg_global_meta
2018-04-30 16:20:00: Start backup table: wp_wppg_settings
2018-04-30 16:20:00: End backup table: wp_wppg_settings
2018-04-30 16:20:00: Start backup table: wp_yoast_seo_links
2018-04-30 16:20:00: End backup table: wp_yoast_seo_links
2018-04-30 16:20:00: Start backup table: wp_yoast_seo_meta
2018-04-30 16:20:00: End backup table: wp_yoast_seo_meta
2018-04-30 16:20:00: End backup database
2018-04-30 16:20:00: Start backup files
2018-04-30 16:20:00: Backup files: wp-content/uploads/backup-guard/sg_backup_opt(db)_20180430162019/sg_backup_opt(db)_20180430162019.sql
2018-04-30 16:20:00: Number of files to backup: 1
2018-04-30 16:20:00: Start backup file: /var/www/html/wp-content/uploads/backup-guard/sg_backup_opt(db)_20180430162019/sg_backup_opt(db)_20180430162019.sql
2018-04-30 16:20:00: End backup file: /var/www/html/wp-content/uploads/backup-guard/sg_backup_opt(db)_20180430162019/sg_backup_opt(db)_20180430162019.sql
2018-04-30 16:20:00: End backup files
2018-04-30 16:20:00: End backup
2018-04-30 16:20:00: Total duration: 10.00 seconds
2018-04-30 16:20:00: Archive size: 1.9MB (1944996 bytes)
